init log file
open device: 0x25071e2bfd0 <2021-05-11 22:06:35.254994 +0800 CST m=+0.086646101>
open session: 0x25071e02b30 <2021-05-11 22:06:35.2848869 +0800 CST m=+0.116539001>
close session: 0x25071e02b30 <2021-05-11 22:06:35.3475138 +0800 CST m=+0.179165901>
close device: 0x25071e2bfd0 <2021-05-11 22:06:35.3480712 +0800 CST m=+0.179723301>

open device: 0x205a942dd90 <2021-05-11 22:16:15.5256845 +0800 CST m=+0.093196001>
open session: 0x205a9402a50 <2021-05-11 22:16:15.5595648 +0800 CST m=+0.127076301>
close session: 0x205a9402a50 <2021-05-11 22:16:15.7206549 +0800 CST m=+0.288166401>
close device: 0x205a942dd90 <2021-05-11 22:16:15.7217127 +0800 CST m=+0.289224201>

open device: 0x1786c97ff40 <2021-05-11 22:18:56.3270612 +0800 CST m=+0.413583301>
open session: 0x1786c977710 <2021-05-11 22:18:56.3563012 +0800 CST m=+0.442823301>
close session: 0x1786c977710 <2021-05-11 22:18:56.4886418 +0800 CST m=+0.575163901>
close device: 0x1786c97ff40 <2021-05-11 22:18:56.4892305 +0800 CST m=+0.575752601>

open device: 0x1c88c8adcf0 <2021-05-11 22:22:46.4965265 +0800 CST m=+0.079886401>
open session: 0x1c88c8a7b00 <2021-05-11 22:22:46.5299989 +0800 CST m=+0.113358801>
close session: 0x1c88c8a7b00 <2021-05-11 22:22:46.6733401 +0800 CST m=+0.256700001>
close device: 0x1c88c8adcf0 <2021-05-11 22:22:46.6743057 +0800 CST m=+0.257665601>

open device: 0x1c86325ddb0 <2021-05-11 22:32:35.9928685 +0800 CST m=+0.094228901>
open session: 0x1c863262c20 <2021-05-11 22:32:36.0227234 +0800 CST m=+0.124083801>
close session: 0x1c863262c20 <2021-05-11 22:32:36.0811245 +0800 CST m=+0.182484901>
close device: 0x1c86325ddb0 <2021-05-11 22:32:36.0817531 +0800 CST m=+0.183113501>

open device: 0x1beab286f20 <2021-05-11 22:34:35.5828621 +0800 CST m=+0.124638601>
open session: 0x1beab283670 <2021-05-11 22:34:35.6124931 +0800 CST m=+0.154269601>
open device: 0x1441f014e90 <2021-05-11 23:17:03.5786742 +0800 CST m=+0.095837001>
open session: 0x1441eff2c80 <2021-05-11 23:17:03.6094435 +0800 CST m=+0.126606301>
open device: 0x1e65bd86f20 <2021-05-11 23:18:53.0906323 +0800 CST m=+0.290488301>
open session: 0x1e65bd83670 <2021-05-11 23:18:53.1211237 +0800 CST m=+0.320979701>
open device: 0x2455d464e90 <2021-05-11 23:19:32.3955132 +0800 CST m=+0.101557801>
open session: 0x2455d442c80 <2021-05-11 23:19:32.4269684 +0800 CST m=+0.133013001>
close session: 0x2455d442c80 <2021-05-11 23:19:32.4269684 +0800 CST m=+0.133013001>
close device: 0x2455d464e90 <2021-05-11 23:19:32.4274869 +0800 CST m=+0.133531501>

open device: 0x2509b839c30 <2021-05-11 23:20:03.4292616 +0800 CST m=+0.109931601>
open session: 0x2509b82f480 <2021-05-11 23:20:03.4597471 +0800 CST m=+0.140417101>
close session: 0x2509b82f480 <2021-05-11 23:20:03.4743231 +0800 CST m=+0.154993101>
close device: 0x2509b839c30 <2021-05-11 23:20:03.4748557 +0800 CST m=+0.155525701>

open device: 0x1c3162a6f20 <2021-05-11 23:20:30.7993808 +0800 CST m=+0.108780501>
open session: 0x1c3162a3670 <2021-05-11 23:20:30.8297074 +0800 CST m=+0.139107101>
close session: 0x1c3162a3670 <2021-05-11 23:20:30.8569053 +0800 CST m=+0.166305001>
close device: 0x1c3162a6f20 <2021-05-11 23:20:30.8574324 +0800 CST m=+0.166832101>

open device: 0x247af329c30 <2021-05-11 23:20:49.313241 +0800 CST m=+0.312332501>
open session: 0x247af31f480 <2021-05-11 23:20:49.343011 +0800 CST m=+0.342102501>
open device: 0x2c93dcb6f20 <2021-05-11 23:25:04.5023867 +0800 CST m=+0.080402101>
open session: 0x2c93dcb3670 <2021-05-11 23:25:04.5326201 +0800 CST m=+0.110635501>
close session: 0x2c93dcb3670 <2021-05-11 23:25:04.574214 +0800 CST m=+0.152229401>
close device: 0x2c93dcb6f20 <2021-05-11 23:25:04.5747179 +0800 CST m=+0.152733301>

open device: 0x175781cbf40 <2021-05-11 23:26:11.4030282 +0800 CST m=+0.117077201>
open session: 0x175781a2c10 <2021-05-11 23:26:11.4322831 +0800 CST m=+0.146332101>
open device: 0x245bc826f20 <2021-05-11 23:29:19.0599361 +0800 CST m=+0.091152001>
open session: 0x245bc823670 <2021-05-11 23:29:19.0918616 +0800 CST m=+0.123077501>
open device: 0x1b506d44e90 <2021-05-11 23:47:42.4438519 +0800 CST m=+0.104321601>
open session: 0x1b506d22c80 <2021-05-11 23:47:42.4773286 +0800 CST m=+0.137798301>
open device: 0x23140d76f20 <2021-05-11 23:48:46.8641264 +0800 CST m=+0.109159601>
open session: 0x23140d73670 <2021-05-11 23:48:46.8949382 +0800 CST m=+0.139971401>
open device: 0x18b19dcddb0 <2021-05-12 22:36:53.0129364 +0800 CST m=+0.109744301>
open session: 0x18b19dd2c20 <2021-05-12 22:36:53.0519194 +0800 CST m=+0.148727301>
open device: 0x209862d6f40 <2021-05-12 22:39:09.3175258 +0800 CST m=+0.335014101>
open session: 0x209862d3690 <2021-05-12 22:39:09.3531968 +0800 CST m=+0.370685101>
close session: 0x209862d3690 <2021-05-12 22:39:09.435876 +0800 CST m=+0.453364301>
close device: 0x209862d6f40 <2021-05-12 22:39:09.4366623 +0800 CST m=+0.454150601>

open device: 0x1bcb0e68f80 <2021-05-12 22:40:13.3051596 +0800 CST m=+0.095308801>
open session: 0x1bcb0e5f730 <2021-05-12 22:40:13.3349167 +0800 CST m=+0.125065901>
open device: 0x1e24e926f40 <2021-05-12 22:41:12.7779426 +0800 CST m=+0.312232801>
open session: 0x1e24e923690 <2021-05-12 22:41:12.808709 +0800 CST m=+0.342999201>
open device: 0x1d8cfd86f40 <2021-05-12 22:43:19.0638864 +0800 CST m=+0.333028601>
open session: 0x1d8cfd83690 <2021-05-12 22:43:19.0928413 +0800 CST m=+0.361983501>
open device: 0x26e5db76f10 <2021-05-12 22:44:11.3814431 +0800 CST m=+0.075494501>
open session: 0x26e5db73660 <2021-05-12 22:44:11.4181818 +0800 CST m=+0.112233201>
open device: 0x1b50a4f7af0 <2021-05-12 22:49:52.3566205 +0800 CST m=+0.353394901>
open session: 0x1b50a4ef4c0 <2021-05-12 22:49:52.3864029 +0800 CST m=+0.383177301>
open device: 0x1b47ebe6f40 <2021-05-12 22:50:16.0446689 +0800 CST m=+0.303541501>
open session: 0x1b47ebe3690 <2021-05-12 22:50:16.0735654 +0800 CST m=+0.332438001>
open device: 0x270e62b4eb0 <2021-05-12 22:50:34.5559932 +0800 CST m=+0.091723601>
open session: 0x270e6292c80 <2021-05-12 22:50:34.5851672 +0800 CST m=+0.120897601>
close session: 0x270e6292c80 <2021-05-12 22:50:34.6134256 +0800 CST m=+0.149156001>
close device: 0x270e62b4eb0 <2021-05-12 22:50:34.6139908 +0800 CST m=+0.149721201>

open device: 0x2d5dfd96f40 <2021-05-12 22:51:00.9183038 +0800 CST m=+0.308666501>
open session: 0x2d5dfd93690 <2021-05-12 22:51:00.9482123 +0800 CST m=+0.338575001>
open device: 0x26c26216f10 <2021-05-12 22:51:37.9203102 +0800 CST m=+0.312322901>
open session: 0x26c26213660 <2021-05-12 22:51:37.9488309 +0800 CST m=+0.340843601>
open device: 0x1c7af9c6f40 <2021-05-12 22:51:50.305224 +0800 CST m=+0.098395301>
open session: 0x1c7af9c3690 <2021-05-12 22:51:50.3373479 +0800 CST m=+0.130519201>
close session: 0x1c7af9c3690 <2021-05-12 22:51:50.3693525 +0800 CST m=+0.162523801>
close device: 0x1c7af9c6f40 <2021-05-12 22:51:50.3693525 +0800 CST m=+0.162523801>

open device: 0x230f7bd6f40 <2021-05-12 22:52:38.3244944 +0800 CST m=+0.301773501>
open session: 0x230f7bd3690 <2021-05-12 22:52:38.358186 +0800 CST m=+0.335465101>
close session: 0x230f7bd3690 <2021-05-12 22:52:38.4117927 +0800 CST m=+0.389071801>
close device: 0x230f7bd6f40 <2021-05-12 22:52:38.4124885 +0800 CST m=+0.389767601>

open device: 0x2ac0fafddd0 <2021-05-12 23:11:55.3701923 +0800 CST m=+0.102305801>
open session: 0x2ac0fb02c40 <2021-05-12 23:11:55.4032062 +0800 CST m=+0.135319701>
open device: 0x14a69fb7fd0 <2021-05-12 23:12:06.0622546 +0800 CST m=+0.126798001>
open session: 0x14a69faf890 <2021-05-12 23:12:06.0952411 +0800 CST m=+0.159784501>
open device: 0x19af1a64eb0 <2021-05-12 23:12:28.6526656 +0800 CST m=+0.290099501>
open session: 0x19af1a42c80 <2021-05-12 23:12:28.6849074 +0800 CST m=+0.322341301>
close session: 0x19af1a42c80 <2021-05-12 23:12:28.7079068 +0800 CST m=+0.345340701>
close device: 0x19af1a64eb0 <2021-05-12 23:12:28.7084238 +0800 CST m=+0.345857701>

open device: 0x23afe4f6f40 <2021-05-12 23:14:41.8414867 +0800 CST m=+0.084006901>
open session: 0x23afe4f3690 <2021-05-12 23:14:41.8733752 +0800 CST m=+0.115895401>
open device: 0x1d70be36f40 <2021-05-12 23:14:51.2108939 +0800 CST m=+0.088133501>
open session: 0x1d70be33690 <2021-05-12 23:14:51.2440561 +0800 CST m=+0.121295701>
close session: 0x1d70be33690 <2021-05-12 23:14:51.2924178 +0800 CST m=+0.169657401>
close device: 0x1d70be36f40 <2021-05-12 23:14:51.2929217 +0800 CST m=+0.170161301>

