
<2021-05-06 21:14:42><swsds><1491113792d><Error>[0x01000009]ReceiveResponse->nReturnValue(net.c:1007)
<2021-05-06 21:14:42><swsds><1491113792d><Error>[0x00000000]ServerError->60.217.194.220(net.c:1210)
<2021-05-06 21:14:42><swsds><1491113792d><Error>[0x01000009]SocketCommunication->ReceiveResponse(net.c:1215)
<2021-05-06 21:14:42><swsds><1491113792d><Error>[0x00000124]SocketCommunication->ReceiveResponse unReqParasLen(net.c:1218)
<2021-05-06 21:14:42><swsds><1491113792d><Error>[0x01000009]SocketCommunication->return(net.c:1370)
<2021-05-06 21:14:42><swsds><1491113792d><Error>[0x01000009]SDIF_KeyAgreement_ECC->SocketCommunicationEx(sdf.c:6477)
<2021-05-06 21:14:42><swsds><1491113792d><Error>[0x01000009]SDF_GenerateAgreementDataAndKeyWithECC->SDIF_KeyAgreement_ECC(sdf.c:6858)
<2021-05-06 21:14:42><swsds><1491113792d><Error>[0x01040101]ptrECCAgreementParam->nHandleFlag(sdf.c:6680)
<2021-05-06 21:14:42><swsds><1491113792d><Error>[0x01000009]ReceiveResponse->nReturnValue(net.c:1007)
<2021-05-06 21:14:42><swsds><1491113792d><Error>[0x00000000]ServerError->60.217.194.220(net.c:1210)
<2021-05-06 21:14:42><swsds><1491113792d><Error>[0x01000009]SocketCommunication->ReceiveResponse(net.c:1215)
<2021-05-06 21:14:42><swsds><1491113792d><Error>[0x00000124]SocketCommunication->ReceiveResponse unReqParasLen(net.c:1218)
<2021-05-06 21:14:42><swsds><1491113792d><Error>[0x01000009]SocketCommunication->return(net.c:1370)
<2021-05-06 21:14:42><swsds><1491113792d><Error>[0x01000009]SDIF_KeyAgreement_ECC->SocketCommunicationEx(sdf.c:6477)
<2021-05-06 21:14:42><swsds><1491113792d><Error>[0x01000009]SDF_GenerateKeyWithECC->SDIF_KeyAgreement_ECC(sdf.c:6703)
<2021-05-06 21:14:42><swsds><1491113792d><Error>[0x01000015]SDF_Encrypt->Invalid key handle(sdf.c:2604)
<2021-05-06 21:14:42><swsds><1491113792d><Error>[0x01000015]SDF_Decrypt->Invalid key handle(sdf.c:2893)
<2021-05-06 21:17:14><swsds><1545376324d><Error>[0x01000009]ReceiveResponse->nReturnValue(net.c:1007)
<2021-05-06 21:17:14><swsds><1545376324d><Error>[0x00000000]ServerError->60.217.194.220(net.c:1210)
<2021-05-06 21:17:14><swsds><1545376324d><Error>[0x01000009]SocketCommunication->ReceiveResponse(net.c:1215)
<2021-05-06 21:17:14><swsds><1545376324d><Error>[0x00000124]SocketCommunication->ReceiveResponse unReqParasLen(net.c:1218)
<2021-05-06 21:17:14><swsds><1545376324d><Error>[0x01000009]SocketCommunication->return(net.c:1370)
<2021-05-06 21:17:14><swsds><1545376324d><Error>[0x01000009]SDIF_KeyAgreement_ECC->SocketCommunicationEx(sdf.c:6477)
<2021-05-06 21:17:14><swsds><1545376324d><Error>[0x01000009]SDF_GenerateAgreementDataAndKeyWithECC->SDIF_KeyAgreement_ECC(sdf.c:6858)
<2021-05-06 21:17:14><swsds><1545376324d><Error>[0x01040101]ptrECCAgreementParam->nHandleFlag(sdf.c:6680)
<2021-05-06 21:17:14><swsds><1545376324d><Error>[0x01000009]ReceiveResponse->nReturnValue(net.c:1007)
<2021-05-06 21:17:14><swsds><1545376324d><Error>[0x00000000]ServerError->60.217.194.220(net.c:1210)
<2021-05-06 21:17:14><swsds><1545376324d><Error>[0x01000009]SocketCommunication->ReceiveResponse(net.c:1215)
<2021-05-06 21:17:14><swsds><1545376324d><Error>[0x00000124]SocketCommunication->ReceiveResponse unReqParasLen(net.c:1218)
<2021-05-06 21:17:14><swsds><1545376324d><Error>[0x01000009]SocketCommunication->return(net.c:1370)
<2021-05-06 21:17:14><swsds><1545376324d><Error>[0x01000009]SDIF_KeyAgreement_ECC->SocketCommunicationEx(sdf.c:6477)
<2021-05-06 21:17:14><swsds><1545376324d><Error>[0x01000009]SDF_GenerateKeyWithECC->SDIF_KeyAgreement_ECC(sdf.c:6703)
<2021-05-06 21:17:14><swsds><1545376324d><Error>[0x01000015]SDF_Encrypt->Invalid key handle(sdf.c:2604)
<2021-05-06 21:17:14><swsds><1545376324d><Error>[0x01000015]SDF_Decrypt->Invalid key handle(sdf.c:2893)
<2021-05-06 21:35:51><swsds><2135464264d><Error>[0x01000009]ReceiveResponse->nReturnValue(net.c:1007)
<2021-05-06 21:35:51><swsds><2135464264d><Error>[0x00000000]ServerError->60.217.194.220(net.c:1210)
<2021-05-06 21:35:51><swsds><2135464264d><Error>[0x01000009]SocketCommunication->ReceiveResponse(net.c:1215)
<2021-05-06 21:35:51><swsds><2135464264d><Error>[0x00000124]SocketCommunication->ReceiveResponse unReqParasLen(net.c:1218)
<2021-05-06 21:35:51><swsds><2135464264d><Error>[0x01000009]SocketCommunication->return(net.c:1370)
<2021-05-06 21:35:51><swsds><2135464264d><Error>[0x01000009]SDIF_KeyAgreement_ECC->SocketCommunicationEx(sdf.c:6477)
<2021-05-06 21:35:51><swsds><2135464264d><Error>[0x01000009]SDF_GenerateAgreementDataAndKeyWithECC->SDIF_KeyAgreement_ECC(sdf.c:6858)
<2021-05-06 21:39:43><swsds><2420147568d><Error>[0x01000009]ReceiveResponse->nReturnValue(net.c:1007)
<2021-05-06 21:39:43><swsds><2420147568d><Error>[0x00000000]ServerError->60.217.194.220(net.c:1210)
<2021-05-06 21:39:43><swsds><2420147568d><Error>[0x01000009]SocketCommunication->ReceiveResponse(net.c:1215)
<2021-05-06 21:39:43><swsds><2420147568d><Error>[0x00000124]SocketCommunication->ReceiveResponse unReqParasLen(net.c:1218)
<2021-05-06 21:39:43><swsds><2420147568d><Error>[0x01000009]SocketCommunication->return(net.c:1370)
<2021-05-06 21:39:43><swsds><2420147568d><Error>[0x01000009]SDIF_KeyAgreement_ECC->SocketCommunicationEx(sdf.c:6477)
<2021-05-06 21:39:43><swsds><2420147568d><Error>[0x01000009]SDF_GenerateAgreementDataAndKeyWithECC->SDIF_KeyAgreement_ECC(sdf.c:6858)
<2021-05-06 21:39:43><swsds><2420147568d><Error>[0x01040101]ptrECCAgreementParam->nHandleFlag(sdf.c:6680)
<2021-05-06 21:39:43><swsds><2420147568d><Error>[0x01000009]ReceiveResponse->nReturnValue(net.c:1007)
<2021-05-06 21:39:43><swsds><2420147568d><Error>[0x00000000]ServerError->60.217.194.220(net.c:1210)
<2021-05-06 21:39:43><swsds><2420147568d><Error>[0x01000009]SocketCommunication->ReceiveResponse(net.c:1215)
<2021-05-06 21:39:43><swsds><2420147568d><Error>[0x00000124]SocketCommunication->ReceiveResponse unReqParasLen(net.c:1218)
<2021-05-06 21:39:43><swsds><2420147568d><Error>[0x01000009]SocketCommunication->return(net.c:1370)
<2021-05-06 21:39:43><swsds><2420147568d><Error>[0x01000009]SDIF_KeyAgreement_ECC->SocketCommunicationEx(sdf.c:6477)
<2021-05-06 21:39:43><swsds><2420147568d><Error>[0x01000009]SDF_GenerateKeyWithECC->SDIF_KeyAgreement_ECC(sdf.c:6703)
<2021-05-06 21:39:43><swsds><2420147568d><Error>[0x01000015]SDF_Encrypt->Invalid key handle(sdf.c:2604)
<2021-05-06 21:39:43><swsds><2420147568d><Error>[0x01000015]SDF_Decrypt->Invalid key handle(sdf.c:2893)
<2021-05-11 22:16:15><swsds><255332104d><Error>[0x01040101]ptrECCAgreementParam->nHandleFlag(sdf.c:6680)
<2021-05-11 22:18:56><swsds><928779752d><Error>[0x01040101]ptrECCAgreementParam->nHandleFlag(sdf.c:6680)
<2021-05-11 22:22:46><swsds><704919812d><Error>[0x01040101]ptrECCAgreementParam->nHandleFlag(sdf.c:6680)
<2021-05-12 22:34:33><swsds><676604380d><Error>[0x01010100]CheckServer->Timeout(net.c:173)
<2021-05-12 22:34:33><swsds><676604380d><Error>[0x00000001]SDIF_OpenDevice->CheckServer(sdf.c:594)
<2021-05-12 22:34:38><swsds><676604380d><Error>[0x01010100]CheckServer->Timeout(net.c:173)
<2021-05-12 22:34:38><swsds><676604380d><Error>[0x01000001]ConnectServer->CheckServer(net.c:243)
<2021-05-12 22:34:38><swsds><676604380d><Error>[0x01010100]SDIF_CreateSession->ConnectServer error(sdf.c:5672)
<2021-05-12 22:34:38><swsds><676604380d><Error>[0x01010201]SDIF_CreateSession->No available hsm(sdf.c:5733)
<2021-05-12 22:34:38><swsds><676604380d><Error>[0x01010201]SDIF_InitConnectionPool->CreateSession(sdf.c:5610)
<2021-05-12 22:34:38><swsds><676604380d><Error>[0x01010201]SDIF_OpenDevice->InitConnectionPool(sdf.c:603)
<2021-05-12 22:34:38><swsds><676604380d><Error>[0x0100001d]SDF_OpenSession->CheckHandle(sdf.c:656)
<2021-05-12 22:34:38><swsds><676604380d><Error>[0x0100001d]SDF_GenerateKeyWithIPK_RSA->CheckHandle(sdf.c:1201)
<2021-05-12 22:34:38><swsds><676604380d><Error>[0x0100001d]SDF_ExportEncPublicKey_RSA->CheckHandle(sdf.c:1067)
<2021-05-12 22:34:38><swsds><676604380d><Error>[0x0100001d]SDF_ExchangeDigitEnvelopeBaseOnRSA->CheckHandle(sdf.c:1563)
<2021-05-12 22:34:38><swsds><676604380d><Error>[0x0100001d]SDF_CloseSession->CheckHandle(sdf.c:682)
<2021-05-12 22:34:38><swsds><676604380d><Error>[0x0100001d]SDF_CloseDevice->CheckHandle(sdf.c:620)
<2021-05-12 22:36:29><swsds><68421536d><Error>[0x01010100]CheckServer->Timeout(net.c:173)
<2021-05-12 22:36:29><swsds><68421536d><Error>[0x00000001]SDIF_OpenDevice->CheckServer(sdf.c:594)
<2021-05-12 22:36:34><swsds><68421536d><Error>[0x01010100]CheckServer->Timeout(net.c:173)
<2021-05-12 22:36:34><swsds><68421536d><Error>[0x01000001]ConnectServer->CheckServer(net.c:243)
<2021-05-12 22:36:34><swsds><68421536d><Error>[0x01010100]SDIF_CreateSession->ConnectServer error(sdf.c:5672)
<2021-05-12 22:36:34><swsds><68421536d><Error>[0x01010201]SDIF_CreateSession->No available hsm(sdf.c:5733)
<2021-05-12 22:36:34><swsds><68421536d><Error>[0x01010201]SDIF_InitConnectionPool->CreateSession(sdf.c:5610)
<2021-05-12 22:36:34><swsds><68421536d><Error>[0x01010201]SDIF_OpenDevice->InitConnectionPool(sdf.c:603)
<2021-05-12 22:36:34><swsds><68421536d><Error>[0x0100001d]SDF_OpenSession->CheckHandle(sdf.c:656)
<2021-05-12 22:36:34><swsds><68421536d><Error>[0x0100001d]SDF_GenerateKeyWithIPK_RSA->CheckHandle(sdf.c:1201)
<2021-05-12 22:36:34><swsds><68421536d><Error>[0x0100001d]SDF_ExportEncPublicKey_RSA->CheckHandle(sdf.c:1067)
<2021-05-12 22:36:34><swsds><68421536d><Error>[0x0100001d]SDF_CloseSession->CheckHandle(sdf.c:682)
<2021-05-12 22:36:34><swsds><68421536d><Error>[0x0100001d]SDF_CloseDevice->CheckHandle(sdf.c:620)